* using log directory 'C:/Users/seanb/OneDrive/Documents/scrapeable.min/packages/r/usaspending.gov.Rcheck'
* using R version 4.3.0 (2023-04-21 ucrt)
* using platform: x86_64-w64-mingw32 (64-bit)
* R was compiled by
    gcc.exe (GCC) 12.2.0
    GNU Fortran (GCC) 12.2.0
* running under: Windows 11 x64 (build 22631)
* using session charset: UTF-8
* using options '--no-examples --no-tests --no-manual'
* checking for file 'usaspending.gov/DESCRIPTION' ... OK
* this is package 'usaspending.gov' version '0.1.0'
* package encoding: UTF-8
* checking package namespace information ... OK
* checking package dependencies ... OK
* checking if this is a source package ... OK
* checking if there is a namespace ... OK
* checking for executable files ... OK
* checking for hidden files and directories ... OK
* checking for portable file names ... OK
* checking whether package 'usaspending.gov' can be installed ... OK
* checking installed package size ... OK
* checking package directory ... OK
* checking DESCRIPTION meta-information ... OK
* checking top-level files ... OK
* checking for left-over files ... OK
* checking index information ... OK
* checking package subdirectories ... OK
* checking R files for non-ASCII characters ... OK
* checking R files for syntax errors ... OK
* checking whether the package can be loaded ... OK
* checking whether the package can be loaded with stated dependencies ... OK
* checking whether the package can be unloaded cleanly ... OK
* checking whether the namespace can be loaded with stated dependencies ... OK
* checking whether the namespace can be unloaded cleanly ... OK
* checking loading without being on the library search path ... OK
* checking dependencies in R code ... OK
* checking S3 generic/method consistency ... OK
* checking replacement functions ... OK
* checking foreign function calls ... OK
* checking R code for possible problems ... NOTE
usas_agencies: no visible binding for global variable 'agency_id'
usas_agencies: no visible binding for global variable 'toptier_code'
usas_agencies: no visible binding for global variable 'agency_name'
usas_agencies: no visible binding for global variable 'active_fy'
usas_agencies: no visible binding for global variable 'active_fq'
usas_agencies: no visible binding for global variable
  'budget_authority_amount'
usas_agencies: no visible binding for global variable
  'obligated_amount'
usas_agencies: no visible binding for global variable 'outlay_amount'
usas_awards: no visible global function definition for 'head'
usas_budget: no visible binding for global variable 'fiscal_year'
usas_budget: no visible binding for global variable
  'total_budgetary_resources'
usas_recipients: no visible binding for global variable 'amount'
usas_spending_geo: no visible binding for global variable 'shape_code'
usas_spending_geo: no visible binding for global variable
  'display_name'
usas_spending_geo: no visible binding for global variable
  'aggregated_amount'
usas_spending_geo: no visible binding for global variable 'population'
usas_spending_geo: no visible binding for global variable 'per_capita'
usas_spending_time: no visible binding for global variable
  'time_period'
usas_spending_time: no visible binding for global variable 'quarter'
usas_spending_time: no visible binding for global variable
  'aggregated_amount'
usas_states: no visible binding for global variable 'fips'
usas_states: no visible binding for global variable 'code'
usas_states: no visible binding for global variable 'name'
usas_states: no visible binding for global variable 'type'
usas_states: no visible binding for global variable 'amount'
Undefined global functions or variables:
  active_fq active_fy agency_id agency_name aggregated_amount amount
  budget_authority_amount code display_name fips fiscal_year head name
  obligated_amount outlay_amount per_capita population quarter
  shape_code time_period toptier_code total_budgetary_resources type
Consider adding
  importFrom("utils", "head")
to your NAMESPACE file.
* checking Rd files ... OK
* checking Rd metadata ... OK
* checking Rd cross-references ... OK
* checking for missing documentation entries ... OK
* checking for code/documentation mismatches ... OK
* checking Rd \usage sections ... OK
* checking Rd contents ... OK
* checking for unstated dependencies in examples ... OK
* checking examples ... SKIPPED
* DONE
Status: 1 NOTE
