* using log directory 'C:/Users/seanb/OneDrive/Documents/scrapeable.min/packages/r/ecb.europa.eu.Rcheck'
* using R version 4.3.0 (2023-04-21 ucrt)
* using platform: x86_64-w64-mingw32 (64-bit)
* R was compiled by
    gcc.exe (GCC) 12.2.0
    GNU Fortran (GCC) 12.2.0
* running under: Windows 11 x64 (build 22631)
* using session charset: UTF-8
* using options '--no-examples --no-tests --no-manual'
* checking for file 'ecb.europa.eu/DESCRIPTION' ... OK
* this is package 'ecb.europa.eu' version '0.1.0'
* package encoding: UTF-8
* checking package namespace information ... OK
* checking package dependencies ... OK
* checking if this is a source package ... OK
* checking if there is a namespace ... OK
* checking for executable files ... OK
* checking for hidden files and directories ... OK
* checking for portable file names ... OK
* checking whether package 'ecb.europa.eu' can be installed ... OK
* checking installed package size ... OK
* checking package directory ... OK
* checking DESCRIPTION meta-information ... OK
* checking top-level files ... OK
* checking for left-over files ... OK
* checking index information ... OK
* checking package subdirectories ... OK
* checking R files for non-ASCII characters ... OK
* checking R files for syntax errors ... OK
* checking whether the package can be loaded ... OK
* checking whether the package can be loaded with stated dependencies ... OK
* checking whether the package can be unloaded cleanly ... OK
* checking whether the namespace can be loaded with stated dependencies ... OK
* checking whether the namespace can be unloaded cleanly ... OK
* checking loading without being on the library search path ... OK
* checking dependencies in R code ... OK
* checking S3 generic/method consistency ... OK
* checking replacement functions ... OK
* checking foreign function calls ... OK
* checking R code for possible problems ... NOTE
.ecb_fetch: no visible global function definition for 'read.csv'
.ecb_fetch: no visible binding for global variable 'TIME_PERIOD'
.ecb_fetch : <anonymous>: no visible binding for global variable
  'TIME_PERIOD'
.ecb_fetch: no visible binding for global variable 'OBS_VALUE'
ecb_bond_yield: no visible binding for global variable 'TIME_PERIOD'
ecb_bond_yield: no visible binding for global variable 'OBS_VALUE'
ecb_bond_yield: no visible binding for global variable 'KEY'
ecb_bond_yield: no visible binding for global variable 'TITLE'
ecb_exchange_rate: no visible binding for global variable 'TIME_PERIOD'
ecb_exchange_rate: no visible binding for global variable 'OBS_VALUE'
ecb_exchange_rate: no visible binding for global variable 'CURRENCY'
ecb_exchange_rate: no visible binding for global variable 'TITLE'
ecb_exchange_rates: no visible binding for global variable
  'TIME_PERIOD'
ecb_exchange_rates: no visible binding for global variable 'OBS_VALUE'
ecb_exchange_rates: no visible binding for global variable 'CURRENCY'
ecb_exchange_rates: no visible binding for global variable 'TITLE'
ecb_inflation: no visible binding for global variable 'TIME_PERIOD'
ecb_inflation: no visible binding for global variable 'OBS_VALUE'
ecb_inflation: no visible binding for global variable 'KEY'
ecb_inflation: no visible binding for global variable 'TITLE'
ecb_key_rates: no visible binding for global variable 'TIME_PERIOD'
ecb_key_rates: no visible binding for global variable 'OBS_VALUE'
ecb_key_rates: no visible binding for global variable 'KEY'
ecb_key_rates: no visible binding for global variable 'TITLE'
ecb_key_rates: no visible binding for global variable 'value'
ecb_money_supply: no visible binding for global variable 'TIME_PERIOD'
ecb_money_supply: no visible binding for global variable 'OBS_VALUE'
ecb_money_supply: no visible binding for global variable 'KEY'
ecb_money_supply: no visible binding for global variable 'TITLE'
Undefined global functions or variables:
  CURRENCY KEY OBS_VALUE TIME_PERIOD TITLE read.csv value
Consider adding
  importFrom("utils", "read.csv")
to your NAMESPACE file.
* checking Rd files ... OK
* checking Rd metadata ... OK
* checking Rd cross-references ... OK
* checking for missing documentation entries ... OK
* checking for code/documentation mismatches ... OK
* checking Rd \usage sections ... OK
* checking Rd contents ... OK
* checking for unstated dependencies in examples ... OK
* checking examples ... SKIPPED
* DONE
Status: 1 NOTE
