* using log directory 'C:/Users/seanb/OneDrive/Documents/scrapeable.min/packages/r/finance.yahoo.com.Rcheck'
* using R version 4.3.0 (2023-04-21 ucrt)
* using platform: x86_64-w64-mingw32 (64-bit)
* R was compiled by
    gcc.exe (GCC) 12.2.0
    GNU Fortran (GCC) 12.2.0
* running under: Windows 11 x64 (build 22631)
* using session charset: UTF-8
* using options '--no-examples --no-tests --no-manual'
* checking for file 'finance.yahoo.com/DESCRIPTION' ... OK
* this is package 'finance.yahoo.com' version '0.1.0'
* package encoding: UTF-8
* checking package namespace information ... OK
* checking package dependencies ... OK
* checking if this is a source package ... OK
* checking if there is a namespace ... OK
* checking for executable files ... OK
* checking for hidden files and directories ... OK
* checking for portable file names ... OK
* checking whether package 'finance.yahoo.com' can be installed ... OK
* checking installed package size ... OK
* checking package directory ... OK
* checking DESCRIPTION meta-information ... OK
* checking top-level files ... OK
* checking for left-over files ... OK
* checking index information ... OK
* checking package subdirectories ... OK
* checking R files for non-ASCII characters ... OK
* checking R files for syntax errors ... OK
* checking whether the package can be loaded ... OK
* checking whether the package can be loaded with stated dependencies ... OK
* checking whether the package can be unloaded cleanly ... OK
* checking whether the namespace can be loaded with stated dependencies ... OK
* checking whether the namespace can be unloaded cleanly ... OK
* checking loading without being on the library search path ... OK
* checking dependencies in R code ... OK
* checking S3 generic/method consistency ... OK
* checking replacement functions ... OK
* checking foreign function calls ... OK
* checking R code for possible problems ... NOTE
yf_statistics: no visible binding for global variable 'value'
Undefined global functions or variables:
  value
* checking Rd files ... OK
* checking Rd metadata ... OK
* checking Rd cross-references ... OK
* checking for missing documentation entries ... OK
* checking for code/documentation mismatches ... OK
* checking Rd \usage sections ... OK
* checking Rd contents ... OK
* checking for unstated dependencies in examples ... OK
* checking examples ... SKIPPED
* DONE
Status: 1 NOTE
 code/documentation mismatches ... WARNING
Error in find.package(package, lib.loc) : 
  there is no package called 'finance.yahoo.com'
Calls: <Anonymous> -> find.package
Execution halted
Error in find.package(package, lib.loc) : 
  there is no package called 'finance.yahoo.com'
Calls: <Anonymous> -> find.package
Execution halted
Error in find.package(package, lib.loc) : 
  there is no package called 'finance.yahoo.com'
Calls: <Anonymous> -> find.package
Execution halted
* checking Rd \usage sections ... WARNING
Error in find.package(package, lib.loc) : 
  there is no package called 'finance.yahoo.com'
Calls: <Anonymous> -> find.package
Execution halted
Functions with \usage entries need to have the appropriate \alias
entries, and all their arguments documented.
The \usage entries must correspond to syntactically valid R code.
See chapter 'Writing R documentation files' in the 'Writing R
Extensions' manual.
Error in find.package(package, lib.loc) : 
  there is no package called 'finance.yahoo.com'
Calls: <Anonymous> -> find.package
Execution halted
The \usage entries for S3 methods should use the \method markup and not
their full name.
See chapter 'Writing R documentation files' in the 'Writing R
Extensions' manual.
* checking Rd contents ... WARNING
Error in find.package(package, lib.loc) : 
  there is no package called 'finance.yahoo.com'
Calls: <Anonymous> -> find.package
Execution halted
* checking for unstated dependencies in examples ... WARNING
Error in find.package(package, lib.loc) : 
  there is no package called 'finance.yahoo.com'
Execution halted
* checking examples ... SKIPPED
* DONE
Status: 5 WARNINGs, 1 NOTE
