* using log directory 'C:/Users/seanb/OneDrive/Documents/scrapeable.min/packages/r/census.gov.Rcheck'
* using R version 4.3.0 (2023-04-21 ucrt)
* using platform: x86_64-w64-mingw32 (64-bit)
* R was compiled by
    gcc.exe (GCC) 12.2.0
    GNU Fortran (GCC) 12.2.0
* running under: Windows 11 x64 (build 22631)
* using session charset: UTF-8
* using options '--no-examples --no-tests --no-manual'
* checking for file 'census.gov/DESCRIPTION' ... OK
* this is package 'census.gov' version '0.1.0'
* package encoding: UTF-8
* checking package namespace information ... OK
* checking package dependencies ... OK
* checking if this is a source package ... OK
* checking if there is a namespace ... OK
* checking for executable files ... OK
* checking for hidden files and directories ... OK
* checking for portable file names ... OK
* checking whether package 'census.gov' can be installed ... OK
* checking installed package size ... OK
* checking package directory ... OK
* checking DESCRIPTION meta-information ... OK
* checking top-level files ... OK
* checking for left-over files ... OK
* checking index information ... OK
* checking package subdirectories ... OK
* checking R files for non-ASCII characters ... OK
* checking R files for syntax errors ... OK
* checking whether the package can be loaded ... OK
* checking whether the package can be loaded with stated dependencies ... OK
* checking whether the package can be unloaded cleanly ... OK
* checking whether the namespace can be loaded with stated dependencies ... OK
* checking whether the namespace can be unloaded cleanly ... OK
* checking loading without being on the library search path ... OK
* checking dependencies in R code ... OK
* checking S3 generic/method consistency ... OK
* checking replacement functions ... OK
* checking foreign function calls ... OK
* checking R code for possible problems ... NOTE
.parse_census_response: no visible global function definition for
  'setNames'
census_dataset: no visible binding for global variable 'concept'
census_datasets: no visible binding for global variable 'c_dataset'
census_datasets: no visible binding for global variable 'c_vintage'
census_datasets: no visible binding for global variable 'title'
census_datasets: no visible binding for global variable 'description'
census_datasets: no visible binding for global variable 'dataset'
census_datasets: no visible binding for global variable 'year'
census_geography: no visible binding for global variable 'name'
census_geography: no visible binding for global variable
  'geoLevelDisplay'
census_geography: no visible binding for global variable 'requires'
census_geography: no visible binding for global variable 'wildcard'
census_get: no visible binding for global variable 'name'
census_group_variables: no visible binding for global variable 'name'
census_search: no visible binding for global variable 'label'
census_search: no visible binding for global variable 'concept'
census_search: no visible binding for global variable 'name'
census_variables: no visible binding for global variable 'name'
print.census_dataset: no visible global function definition for 'head'
Undefined global functions or variables:
  c_dataset c_vintage concept dataset description geoLevelDisplay head
  label name requires setNames title wildcard year
Consider adding
  importFrom("graphics", "title")
  importFrom("stats", "setNames")
  importFrom("utils", "head")
to your NAMESPACE file.
* checking for missing documentation entries ... WARNING
Undocumented code objects:
  'census_acs1' 'census_acs1_profile' 'census_acs1_subject'
  'census_acs5' 'census_acs5_comparison' 'census_acs5_profile'
  'census_acs5_subject' 'census_context' 'census_dataset'
  'census_datasets' 'census_decennial' 'census_economic' 'census_flows'
  'census_geo_blockgroup' 'census_geo_county' 'census_geo_place'
  'census_geo_state' 'census_geo_tract' 'census_geo_zcta'
  'census_geography' 'census_get' 'census_group_variables'
  'census_groups' 'census_pep' 'census_pums' 'census_search'
  'census_variables'
All user-level objects in a package should have documentation entries.
See chapter 'Writing R documentation files' in the 'Writing R
Extensions' manual.
* checking examples ... SKIPPED
* DONE
Status: 1 WARNING, 1 NOTE
